<?xml version="1.0" encoding="UTF-8"?>
<!-- Generated by org.testng.reporters.JUnitReportReporter -->
<testsuite hostname="WIN-2P8QAF1IA5A" failures="0" tests="4" name="testpack.NewTest" time="0.028" errors="0" timestamp="2021-12-23T23:00:01 PST" skipped="0">
  <testcase classname="testpack.NewTest" name="f4" time="0.022"/>
  <system-out/>
  <testcase classname="testpack.NewTest" name="f2" time="0.002"/>
  <system-out/>
  <testcase classname="testpack.NewTest" name="f3" time="0.003"/>
  <system-out/>
  <testcase classname="testpack.NewTest" name="f1" time="0.001"/>
  <system-out/>
</testsuite> <!-- testpack.NewTest -->
